#
# A fatal error has been detected by the Java Runtime Environment:
#
#  EXCEPTION_ACCESS_VIOLATION (0xc0000005) at pc=0x0000000076fe1da0, pid=3576, tid=2632
#
# JRE version: Java(TM) SE Runtime Environment (7.0_79-b15) (build 1.7.0_79-b15)
# Java VM: Java HotSpot(TM) 64-Bit Server VM (24.79-b02 mixed mode windows-amd64 compressed oops)
# Problematic frame:
# C  [ntdll.dll+0x51da0]
#
# Failed to write core dump. Minidumps are not enabled by default on client versions of Windows
#
# If you would like to submit a bug report, please visit:
#   http://bugreport.java.com/bugreport/crash.jsp
# The crash happened outside the Java Virtual Machine in native code.
# See problematic frame for where to report the bug.
#

---------------  T H R E A D  ---------------

Current thread (0x000000000219e000):  JavaThread "Finalizer" daemon [_thread_in_native, id=2632, stack(0x0000000005bf0000,0x0000000005cf0000)]

siginfo: ExceptionCode=0xc0000005, reading address 0x00000001724f7ba8

Registers:
RAX=0x0000005800001388, RBX=0x00000001724f7ba0, RCX=0x000000ffffffffff, RDX=0x000000000ced9de0
RSP=0x0000000005cef3e0, RBP=0x0000000000000000, RSI=0x000000000ced0000, RDI=0x000000000ced9df0
R8 =0x000000000ced9df0, R9 =0x00000000e9b62e40, R10=0x00000000024b2b84, R11=0x000000006b634050
R12=0x0000000000000000, R13=0x00000000fb9ddbd0, R14=0x0000000005cef5a0, R15=0x000000000219e000
RIP=0x0000000076fe1da0, EFLAGS=0x0000000000010216

Top of Stack: (sp=0x0000000005cef3e0)
0x0000000005cef3e0:   00000000024a60f8 0000000000000000
0x0000000005cef3f0:   0000000000000000 0000000000000000
0x0000000005cef400:   0000000000000000 0000000000000000
0x0000000005cef410:   0000000000000000 0000000000000010
0x0000000005cef420:   000000000219e000 0000000005cef5a0
0x0000000005cef430:   00000000fb9ddbd0 0000000000000000
0x0000000005cef440:   00000000024a60f8 00000000faea82d8
0x0000000005cef450:   0000000005cef578 0000000076e92c7a
0x0000000005cef460:   0000000005cef478 00000000fb9ddbd0
0x0000000005cef470:   00000000024a6274 0000000000000010
0x0000000005cef480:   0000000000000000 000007fef7b4a06c
0x0000000005cef490:   00000000faf1de9d 0000000005cef518
0x0000000005cef4a0:   00000000fafbb890 00000000fbc5b128
0x0000000005cef4b0:   00000000fb9ddbd0 000007fef7b472e8
0x0000000005cef4c0:   0000000005cef510 0000000005cef570
0x0000000005cef4d0:   00000000024a62d3 0000000000000000 

Instructions: (pc=0x0000000076fe1da0)
0x0000000076fe1d80:   ff ff 00 00 00 48 33 de 48 23 c1 48 c1 eb 04 48
0x0000000076fe1d90:   33 d8 48 33 1d 27 16 0e 00 48 c1 e3 04 0f 0d 0b
0x0000000076fe1da0:   4c 8b 63 08 49 bd 01 00 00 00 01 00 00 00 49 be
0x0000000076fe1db0:   ff 7f 00 00 ff ff ff ff c6 42 0f 80 c6 42 0e 00 


Register to memory mapping:

RAX=0x0000005800001388 is an unknown value
RBX=0x00000001724f7ba0 is an unknown value
RCX=0x000000ffffffffff is an unknown value
RDX=0x000000000ced9de0 is an unknown value
RSP=0x0000000005cef3e0 is pointing into the stack for thread: 0x000000000219e000
RBP=0x0000000000000000 is an unknown value
RSI=0x000000000ced0000 is an unknown value
RDI=0x000000000ced9df0 is an unknown value
R8 =0x000000000ced9df0 is an unknown value
R9 =0x00000000e9b62e40 is an oop
java.lang.Class 
 - klass: 'java/lang/Class'
R10=0x00000000024b2b84 is at code_begin+644 in an Interpreter codelet
method entry point (kind = native)  [0x00000000024b2900, 0x00000000024b31a0]  2208 bytes
R11=0x000000006b634050 is an unknown value
R12=0x0000000000000000 is an unknown value
R13=0x00000000fb9ddbd0 is an oop
{method} 
 - klass: {other class}
R14=0x0000000005cef5a0 is pointing into the stack for thread: 0x000000000219e000
R15=0x000000000219e000 is a thread


Stack: [0x0000000005bf0000,0x0000000005cf0000],  sp=0x0000000005cef3e0,  free space=1020k
Native frames: (J=compiled Java code, j=interpreted, Vv=VM code, C=native code)
C  [ntdll.dll+0x51da0]

[error occurred during error reporting (printing native stack), id 0xc0000005]

Java frames: (J=compiled Java code, j=interpreted, Vv=VM code)
j  org.bridj.JNI.free(J)V+0
j  org.bridj.Pointer$FreeReleaser.release(Lorg/bridj/Pointer;)V+123
j  org.bridj.Pointer$4.release(Lorg/bridj/Pointer;)V+14
j  org.bridj.Pointer$2.release()V+19
j  org.bridj.Pointer$2.finalize()V+1
j  java.lang.System$2.invokeFinalize(Ljava/lang/Object;)V+1
j  java.lang.ref.Finalizer.runFinalizer(Lsun/misc/JavaLangAccess;)V+46
j  java.lang.ref.Finalizer.access$100(Ljava/lang/ref/Finalizer;Lsun/misc/JavaLangAccess;)V+2
j  java.lang.ref.Finalizer$FinalizerThread.run()V+45
v  ~StubRoutines::call_stub

---------------  P R O C E S S  ---------------

Java Threads: ( => current thread )
  0x000000000abac000 JavaThread "Image Fetcher 1" daemon [_thread_in_vm, id=5116, stack(0x0000000008f60000,0x0000000009060000)]
  0x000000000abb2800 JavaThread "Image Fetcher 0" daemon [_thread_blocked, id=3084, stack(0x000000000f070000,0x000000000f170000)]
  0x000000000abaf800 JavaThread "webcam-discovery-service" daemon [_thread_blocked, id=352, stack(0x0000000009cc0000,0x0000000009dc0000)]
  0x000000000abb0800 JavaThread "atomic-processor-‡•ß" daemon [_thread_blocked, id=2444, stack(0x00000000099e0000,0x0000000009ae0000)]
  0x000000000abab000 JavaThread "Java Sound Event Dispatcher" daemon [_thread_blocked, id=3092, stack(0x000000000c990000,0x000000000ca90000)]
  0x000000000a705800 JavaThread "TimerQueue" daemon [_thread_blocked, id=2864, stack(0x000000000be20000,0x000000000bf20000)]
  0x000000000aaf0800 JavaThread "D3D Screen Updater" daemon [_thread_blocked, id=2404, stack(0x0000000009f50000,0x000000000a050000)]
  0x00000000021fe000 JavaThread "DestroyJavaVM" [_thread_blocked, id=4020, stack(0x00000000023a0000,0x00000000024a0000)]
  0x000000000572d800 JavaThread "AWT-EventQueue-0" [_thread_blocked, id=1520, stack(0x0000000006d60000,0x0000000006e60000)]
  0x000000000572b800 JavaThread "AWT-Windows" daemon [_thread_in_native, id=3428, stack(0x0000000006c50000,0x0000000006d50000)]
  0x000000000579f800 JavaThread "AWT-Shutdown" [_thread_blocked, id=2624, stack(0x00000000068d0000,0x00000000069d0000)]
  0x000000000579e800 JavaThread "Java2D Disposer" daemon [_thread_blocked, id=2356, stack(0x0000000006a10000,0x0000000006b10000)]
  0x00000000056dc800 JavaThread "Service Thread" daemon [_thread_blocked, id=2912, stack(0x0000000005d20000,0x0000000005e20000)]
  0x00000000056da800 JavaThread "C2 CompilerThread1" daemon [_thread_blocked, id=2292, stack(0x00000000061c0000,0x00000000062c0000)]
  0x00000000056bb000 JavaThread "C2 CompilerThread0" daemon [_thread_blocked, id=4032, stack(0x0000000006090000,0x0000000006190000)]
  0x00000000056b9000 JavaThread "Attach Listener" daemon [_thread_blocked, id=2716, stack(0x0000000005ec0000,0x0000000005fc0000)]
  0x00000000056b5800 JavaThread "Signal Dispatcher" daemon [_thread_blocked, id=3028, stack(0x0000000005ac0000,0x0000000005bc0000)]
=>0x000000000219e000 JavaThread "Finalizer" daemon [_thread_in_native, id=2632, stack(0x0000000005bf0000,0x0000000005cf0000)]
  0x000000000219b000 JavaThread "Reference Handler" daemon [_thread_blocked, id=2656, stack(0x00000000057a0000,0x00000000058a0000)]

Other Threads:
  0x0000000002192800 VMThread [stack: 0x0000000005970000,0x0000000005a70000] [id=2888]
  0x00000000056ea000 WatcherThread [stack: 0x00000000063c0000,0x00000000064c0000] [id=2880]

VM state:not at safepoint (normal execution)

VM Mutex/Monitor currently owned by a thread: None

Heap
 def new generation   total 8000K, used 4186K [0x00000000e0e00000, 0x00000000e16a0000, 0x00000000e98a0000)
  eden space 7168K,  51% used [0x00000000e0e00000, 0x00000000e1196618, 0x00000000e1500000)
  from space 832K,  61% used [0x00000000e15d0000, 0x00000000e1650360, 0x00000000e16a0000)
  to   space 832K,   0% used [0x00000000e1500000, 0x00000000e1500000, 0x00000000e15d0000)
 tenured generation   total 17728K, used 8411K [0x00000000e98a0000, 0x00000000ea9f0000, 0x00000000fae00000)
   the space 17728K,  47% used [0x00000000e98a0000, 0x00000000ea0d6ee0, 0x00000000ea0d7000, 0x00000000ea9f0000)
 compacting perm gen  total 21248K, used 14750K [0x00000000fae00000, 0x00000000fc2c0000, 0x0000000100000000)
   the space 21248K,  69% used [0x00000000fae00000, 0x00000000fbc679a0, 0x00000000fbc67a00, 0x00000000fc2c0000)
No shared spaces configured.

Card table byte_map: [0x00000000054a0000,0x00000000055a0000] byte_map_base: 0x0000000004d99000

Polling page: 0x00000000001c0000

Code Cache  [0x00000000024a0000, 0x0000000002710000, 0x00000000054a0000)
 total_blobs=771 nmethods=268 adapters=456 free_code_cache=47671Kb largest_free_block=48788352

Compilation events (10 events):
Event: 208.460 Thread 0x00000000056da800  267             java.util.zip.InflaterInputStream::ensureOpen (18 bytes)
Event: 208.462 Thread 0x00000000056da800 nmethod 267 0x00000000026108d0 code [0x0000000002610a00, 0x0000000002610a58]
Event: 212.971 Thread 0x00000000056bb000  268             com.sun.imageio.plugins.png.PNGImageWriter::initializeScaleTables (329 bytes)
Event: 213.056 Thread 0x00000000056da800  269             com.google.zxing.qrcode.detector.FinderPatternFinder::find (471 bytes)
Event: 213.088 Thread 0x00000000056bb000 nmethod 268 0x0000000002615fd0 code [0x0000000002616160, 0x0000000002616f08]
Event: 213.153 Thread 0x00000000056da800 nmethod 269 0x0000000002612dd0 code [0x0000000002612f80, 0x00000000026138c0]
Event: 233.290 Thread 0x00000000056bb000  270             javax.swing.RepaintManager::getDelegate (14 bytes)
Event: 233.299 Thread 0x00000000056bb000 nmethod 270 0x0000000002612910 code [0x0000000002612a60, 0x0000000002612b88]
Event: 233.304 Thread 0x00000000056da800  271             javax.swing.RepaintManager::addDirtyRegion (37 bytes)
Event: 233.317 Thread 0x00000000056da800 nmethod 271 0x0000000002614090 code [0x0000000002614200, 0x00000000026143d8]

GC Heap History (10 events):
Event: 153.943 GC heap before
{Heap before GC invocations=10 (full 0):
 def new generation   total 8000K, used 7476K [0x00000000e0e00000, 0x00000000e16a0000, 0x00000000e98a0000)
  eden space 7168K, 100% used [0x00000000e0e00000, 0x00000000e1500000, 0x00000000e1500000)
  from space 832K,  37% used [0x00000000e1500000, 0x00000000e154d060, 0x00000000e15d0000)
  to   space 832K,   0% used [0x00000000e15d0000, 0x00000000e15d0000, 0x00000000e16a0000)
 tenured generation   total 17728K, used 6974K [0x00000000e98a0000, 0x00000000ea9f0000, 0x00000000fae00000)
   the space 17728K,  39% used [0x00000000e98a0000, 0x00000000e9f6f950, 0x00000000e9f6fa00, 0x00000000ea9f0000)
 compacting perm gen  total 21248K, used 14683K [0x00000000fae00000, 0x00000000fc2c0000, 0x0000000100000000)
   the space 21248K,  69% used [0x00000000fae00000, 0x00000000fbc56fc8, 0x00000000fbc57000, 0x00000000fc2c0000)
No shared spaces configured.
Event: 153.949 GC heap after
Heap after GC invocations=11 (full 0):
 def new generation   total 8000K, used 813K [0x00000000e0e00000, 0x00000000e16a0000, 0x00000000e98a0000)
  eden space 7168K,   0% used [0x00000000e0e00000, 0x00000000e0e00000, 0x00000000e1500000)
  from space 832K,  97% used [0x00000000e15d0000, 0x00000000e169b750, 0x00000000e16a0000)
  to   space 832K,   0% used [0x00000000e1500000, 0x00000000e1500000, 0x00000000e15d0000)
 tenured generation   total 17728K, used 6974K [0x00000000e98a0000, 0x00000000ea9f0000, 0x00000000fae00000)
   the space 17728K,  39% used [0x00000000e98a0000, 0x00000000e9f6f950, 0x00000000e9f6fa00, 0x00000000ea9f0000)
 compacting perm gen  total 21248K, used 14683K [0x00000000fae00000, 0x00000000fc2c0000, 0x0000000100000000)
   the space 21248K,  69% used [0x00000000fae00000, 0x00000000fbc56fc8, 0x00000000fbc57000, 0x00000000fc2c0000)
No shared spaces configured.
}
Event: 162.567 GC heap before
{Heap before GC invocations=11 (full 0):
 def new generation   total 8000K, used 7913K [0x00000000e0e00000, 0x00000000e16a0000, 0x00000000e98a0000)
  eden space 7168K,  99% used [0x00000000e0e00000, 0x00000000e14eee98, 0x00000000e1500000)
  from space 832K,  97% used [0x00000000e15d0000, 0x00000000e169b750, 0x00000000e16a0000)
  to   space 832K,   0% used [0x00000000e1500000, 0x00000000e1500000, 0x00000000e15d0000)
 tenured generation   total 17728K, used 6974K [0x00000000e98a0000, 0x00000000ea9f0000, 0x00000000fae00000)
   the space 17728K,  39% used [0x00000000e98a0000, 0x00000000e9f6f950, 0x00000000e9f6fa00, 0x00000000ea9f0000)
 compacting perm gen  total 21248K, used 14692K [0x00000000fae00000, 0x00000000fc2c0000, 0x0000000100000000)
   the space 21248K,  69% used [0x00000000fae00000, 0x00000000fbc59228, 0x00000000fbc59400, 0x00000000fc2c0000)
No shared spaces configured.
Event: 162.590 GC heap after
Heap after GC invocations=12 (full 0):
 def new generation   total 8000K, used 831K [0x00000000e0e00000, 0x00000000e16a0000, 0x00000000e98a0000)
  eden space 7168K,   0% used [0x00000000e0e00000, 0x00000000e0e00000, 0x00000000e1500000)
  from space 832K,  99% used [0x00000000e1500000, 0x00000000e15cfff8, 0x00000000e15d0000)
  to   space 832K,   0% used [0x00000000e15d0000, 0x00000000e15d0000, 0x00000000e16a0000)
 tenured generation   total 17728K, used 7416K [0x00000000e98a0000, 0x00000000ea9f0000, 0x00000000fae00000)
   the space 17728K,  41% used [0x00000000e98a0000, 0x00000000e9fde338, 0x00000000e9fde400, 0x00000000ea9f0000)
 compacting perm gen  total 21248K, used 14692K [0x00000000fae00000, 0x00000000fc2c0000, 0x0000000100000000)
   the space 21248K,  69% used [0x00000000fae00000, 0x00000000fbc59228, 0x00000000fbc59400, 0x00000000fc2c0000)
No shared spaces configured.
}
Event: 202.634 GC heap before
{Heap before GC invocations=12 (full 0):
 def new generation   total 8000K, used 7999K [0x00000000e0e00000, 0x00000000e16a0000, 0x00000000e98a0000)
  eden space 7168K, 100% used [0x00000000e0e00000, 0x00000000e1500000, 0x00000000e1500000)
  from space 832K,  99% used [0x00000000e1500000, 0x00000000e15cfff8, 0x00000000e15d0000)
  to   space 832K,   0% used [0x00000000e15d0000, 0x00000000e15d0000, 0x00000000e16a0000)
 tenured generation   total 17728K, used 7416K [0x00000000e98a0000, 0x00000000ea9f0000, 0x00000000fae00000)
   the space 17728K,  41% used [0x00000000e98a0000, 0x00000000e9fde338, 0x00000000e9fde400, 0x00000000ea9f0000)
 compacting perm gen  total 21248K, used 14701K [0x00000000fae00000, 0x00000000fc2c0000, 0x0000000100000000)
   the space 21248K,  69% used [0x00000000fae00000, 0x00000000fbc5b498, 0x00000000fbc5b600, 0x00000000fc2c0000)
No shared spaces configured.
Event: 202.648 GC heap after
Heap after GC invocations=13 (full 0):
 def new generation   total 8000K, used 831K [0x00000000e0e00000, 0x00000000e16a0000, 0x00000000e98a0000)
  eden space 7168K,   0% used [0x00000000e0e00000, 0x00000000e0e00000, 0x00000000e1500000)
  from space 832K,  99% used [0x00000000e15d0000, 0x00000000e169fff8, 0x00000000e16a0000)
  to   space 832K,   0% used [0x00000000e1500000, 0x00000000e1500000, 0x00000000e15d0000)
 tenured generation   total 17728K, used 7957K [0x00000000e98a0000, 0x00000000ea9f0000, 0x00000000fae00000)
   the space 17728K,  44% used [0x00000000e98a0000, 0x00000000ea0655b0, 0x00000000ea065600, 0x00000000ea9f0000)
 compacting perm gen  total 21248K, used 14701K [0x00000000fae00000, 0x00000000fc2c0000, 0x0000000100000000)
   the space 21248K,  69% used [0x00000000fae00000, 0x00000000fbc5b498, 0x00000000fbc5b600, 0x00000000fc2c0000)
No shared spaces configured.
}
Event: 203.966 GC heap before
{Heap before GC invocations=13 (full 0):
 def new generation   total 8000K, used 7996K [0x00000000e0e00000, 0x00000000e16a0000, 0x00000000e98a0000)
  eden space 7168K,  99% used [0x00000000e0e00000, 0x00000000e14ff0b8, 0x00000000e1500000)
  from space 832K,  99% used [0x00000000e15d0000, 0x00000000e169fff8, 0x00000000e16a0000)
  to   space 832K,   0% used [0x00000000e1500000, 0x00000000e1500000, 0x00000000e15d0000)
 tenured generation   total 17728K, used 7957K [0x00000000e98a0000, 0x00000000ea9f0000, 0x00000000fae00000)
   the space 17728K,  44% used [0x00000000e98a0000, 0x00000000ea0655b0, 0x00000000ea065600, 0x00000000ea9f0000)
 compacting perm gen  total 21248K, used 14723K [0x00000000fae00000, 0x00000000fc2c0000, 0x0000000100000000)
   the space 21248K,  69% used [0x00000000fae00000, 0x00000000fbc60c90, 0x00000000fbc60e00, 0x00000000fc2c0000)
No shared spaces configured.
Event: 203.976 GC heap after
Heap after GC invocations=14 (full 0):
 def new generation   total 8000K, used 832K [0x00000000e0e00000, 0x00000000e16a0000, 0x00000000e98a0000)
  eden space 7168K,   0% used [0x00000000e0e00000, 0x00000000e0e00000, 0x00000000e1500000)
  from space 832K, 100% used [0x00000000e1500000, 0x00000000e15d0000, 0x00000000e15d0000)
  to   space 832K,   0% used [0x00000000e15d0000, 0x00000000e15d0000, 0x00000000e16a0000)
 tenured generation   total 17728K, used 8396K [0x00000000e98a0000, 0x00000000ea9f0000, 0x00000000fae00000)
   the space 17728K,  47% used [0x00000000e98a0000, 0x00000000ea0d33b0, 0x00000000ea0d3400, 0x00000000ea9f0000)
 compacting perm gen  total 21248K, used 14723K [0x00000000fae00000, 0x00000000fc2c0000, 0x0000000100000000)
   the space 21248K,  69% used [0x00000000fae00000, 0x00000000fbc60c90, 0x00000000fbc60e00, 0x00000000fc2c0000)
No shared spaces configured.
}
Event: 233.468 GC heap before
{Heap before GC invocations=14 (full 0):
 def new generation   total 8000K, used 8000K [0x00000000e0e00000, 0x00000000e16a0000, 0x00000000e98a0000)
  eden space 7168K, 100% used [0x00000000e0e00000, 0x00000000e1500000, 0x00000000e1500000)
  from space 832K, 100% used [0x00000000e1500000, 0x00000000e15d0000, 0x00000000e15d0000)
  to   space 832K,   0% used [0x00000000e15d0000, 0x00000000e15d0000, 0x00000000e16a0000)
 tenured generation   total 17728K, used 8396K [0x00000000e98a0000, 0x00000000ea9f0000, 0x00000000fae00000)
   the space 17728K,  47% used [0x00000000e98a0000, 0x00000000ea0d33b0, 0x00000000ea0d3400, 0x00000000ea9f0000)
 compacting perm gen  total 21248K, used 14741K [0x00000000fae00000, 0x00000000fc2c0000, 0x0000000100000000)
   the space 21248K,  69% used [0x00000000fae00000, 0x00000000fbc655f8, 0x00000000fbc65600, 0x00000000fc2c0000)
No shared spaces configured.
Event: 233.474 GC heap after
Heap after GC invocations=15 (full 0):
 def new generation   total 8000K, used 512K [0x00000000e0e00000, 0x00000000e16a0000, 0x00000000e98a0000)
  eden space 7168K,   0% used [0x00000000e0e00000, 0x00000000e0e00000, 0x00000000e1500000)
  from space 832K,  61% used [0x00000000e15d0000, 0x00000000e1650360, 0x00000000e16a0000)
  to   space 832K,   0% used [0x00000000e1500000, 0x00000000e1500000, 0x00000000e15d0000)
 tenured generation   total 17728K, used 8411K [0x00000000e98a0000, 0x00000000ea9f0000, 0x00000000fae00000)
   the space 17728K,  47% used [0x00000000e98a0000, 0x00000000ea0d6ee0, 0x00000000ea0d7000, 0x00000000ea9f0000)
 compacting perm gen  total 21248K, used 14741K [0x00000000fae00000, 0x00000000fc2c0000, 0x0000000100000000)
   the space 21248K,  69% used [0x00000000fae00000, 0x00000000fbc655f8, 0x00000000fbc65600, 0x00000000fc2c0000)
No shared spaces configured.
}

Deoptimization events (8 events):
Event: 12.508 Thread 0x000000000abb0800 Uncommon trap: reason=class_check action=maybe_recompile pc=0x000000000251bb8c method=java.lang.String.equals(Ljava/lang/Object;)Z @ 8
Event: 12.855 Thread 0x000000000abb0800 Uncommon trap: reason=class_check action=maybe_recompile pc=0x000000000251bb8c method=java.lang.String.equals(Ljava/lang/Object;)Z @ 8
Event: 18.811 Thread 0x000000000572d800 Uncommon trap: reason=unreached action=reinterpret pc=0x00000000025b0b80 method=sun.java2d.loops.GraphicsPrimitiveMgr.locatePrim(ILsun/java2d/loops/SurfaceType;Lsun/java2d/loops/CompositeType;Lsun/java2d/loops/SurfaceType;)Lsun/java2d/loops/GraphicsPrimiti◊Q8où”7@
Event: 23.827 Thread 0x000000000abad800 Uncommon trap: reason=null_check action=make_not_entrant pc=0x00000000025d01e8 method=java.util.jar.JarFile.getJarEntry(Ljava/lang/String;)Ljava/util/jar/JarEntry; @ 5
Event: 28.098 Thread 0x000000000572d800 Uncommon trap: reason=unloaded action=reinterpret pc=0x00000000025cde50 method=com.google.zxing.qrcode.detector.FinderPatternFinder.find(Ljava/util/Hashtable;)Lcom/google/zxing/qrcode/detector/FinderPatternInfo; @ 461
Event: 42.753 Thread 0x000000000572d800 Uncommon trap: reason=unloaded action=reinterpret pc=0x00000000025dac24 method=com.google.zxing.qrcode.detector.FinderPatternFinder.find(Ljava/util/Hashtable;)Lcom/google/zxing/qrcode/detector/FinderPatternInfo; @ 461
Event: 43.009 Thread 0x000000000572d800 Uncommon trap: reason=unreached action=reinterpret pc=0x00000000025dd438 method=sun.java2d.loops.GraphicsPrimitiveMgr.locate(Lsun/java2d/loops/GraphicsPrimitiveMgr$PrimitiveSpec;)Lsun/java2d/loops/GraphicsPrimitive; @ 85
Event: 167.529 Thread 0x000000000572d800 Uncommon trap: reason=predicate action=maybe_recompile pc=0x000000000260b090 method=java.util.Arrays.fill([Ljava/lang/Object;Ljava/lang/Object;)V @ 10

Internal exceptions (10 events):
Event: 43.000 Thread 0x000000000abb2000 Threw 0x00000000e108e770 at C:\re\jdk7u79\2331\hotspot\src\share\vm\prims\jvm.cpp:3025
Event: 130.124 Thread 0x000000000abae000 Threw 0x00000000e110c848 at C:\re\jdk7u79\2331\hotspot\src\share\vm\prims\jvm.cpp:3025
Event: 134.598 Thread 0x000000000abac000 Threw 0x00000000e1281808 at C:\re\jdk7u79\2331\hotspot\src\share\vm\prims\jvm.cpp:3025
Event: 138.780 Thread 0x000000000abae000 Threw 0x00000000e13a9d18 at C:\re\jdk7u79\2331\hotspot\src\share\vm\prims\jvm.cpp:3025
Event: 158.578 Thread 0x000000000abac800 Threw 0x00000000e13c0510 at C:\re\jdk7u79\2331\hotspot\src\share\vm\prims\jvm.cpp:3025
Event: 163.051 Thread 0x000000000abb1000 Threw 0x00000000e0e3aff8 at C:\re\jdk7u79\2331\hotspot\src\share\vm\prims\jvm.cpp:3025
Event: 167.524 Thread 0x000000000abb2800 Threw 0x00000000e0f28d58 at C:\re\jdk7u79\2331\hotspot\src\share\vm\prims\jvm.cpp:3025
Event: 208.702 Thread 0x000000000abb2000 Threw 0x00000000e0f17060 at C:\re\jdk7u79\2331\hotspot\src\share\vm\prims\jvm.cpp:3025
Event: 213.500 Thread 0x000000000abad800 Threw 0x00000000e1086178 at C:\re\jdk7u79\2331\hotspot\src\share\vm\prims\jvm.cpp:3025
Event: 217.943 Thread 0x000000000abb2800 Threw 0x00000000e11b2088 at C:\re\jdk7u79\2331\hotspot\src\share\vm\prims\jvm.cpp:3025

Events (10 events):
Event: 233.477 Executing VM operation: RevokeBias
Event: 233.478 Executing VM operation: RevokeBias done
Event: 233.478 Executing VM operation: RevokeBias
Event: 233.478 Executing VM operation: RevokeBias done
Event: 233.478 Executing VM operation: RevokeBias
Event: 233.479 Executing VM operation: RevokeBias done
Event: 233.479 Executing VM operation: RevokeBias
Event: 233.479 Executing VM operation: RevokeBias done
Event: 233.479 Executing VM operation: RevokeBias
Event: 233.479 Executing VM operation: RevokeBias done


Dynamic libraries:
0x000000013fd70000 - 0x000000013fda3000 	E:\Program Files\Java\jdk1.7.0_79\bin\java.exe
0x0000000076f90000 - 0x000000007713b000 	E:\Windows\SYSTEM32\ntdll.dll
0x0000000076e70000 - 0x0000000076f8f000 	E:\Windows\system32\kernel32.dll
0x000007fefd1b0000 - 0x000007fefd21b000 	E:\Windows\system32\KERNELBASE.dll
0x000007fefdd30000 - 0x000007fefde0b000 	E:\Windows\system32\ADVAPI32.dll
0x000007fefd3d0000 - 0x000007fefd46f000 	E:\Windows\system32\msvcrt.dll
0x000007fefe170000 - 0x000007fefe18f000 	E:\Windows\SYSTEM32\sechost.dll
0x000007fefdb20000 - 0x000007fefdc4e000 	E:\Windows\system32\RPCRT4.dll
0x0000000076d70000 - 0x0000000076e6a000 	E:\Windows\system32\USER32.dll
0x000007fefd470000 - 0x000007fefd4d7000 	E:\Windows\system32\GDI32.dll
0x000007fefe160000 - 0x000007fefe16e000 	E:\Windows\system32\LPK.dll
0x000007fefd9a0000 - 0x000007fefda6a000 	E:\Windows\system32\USP10.dll
0x000007fefbb00000 - 0x000007fefbcf4000 	E:\Windows\WinSxS\amd64_microsoft.windows.common-controls_6595b64144ccf1df_6.0.7600.16385_none_fa645303170382f6\COMCTL32.dll
0x000007fefe0e0000 - 0x000007fefe151000 	E:\Windows\system32\SHLWAPI.dll
0x000007fefe370000 - 0x000007fefe39e000 	E:\Windows\system32\IMM32.DLL
0x000007fefd2c0000 - 0x000007fefd3c9000 	E:\Windows\system32\MSCTF.dll
0x000000006bc30000 - 0x000000006bd02000 	E:\Program Files\Java\jdk1.7.0_79\jre\bin\msvcr100.dll
0x000000006b450000 - 0x000000006bc25000 	E:\Program Files\Java\jdk1.7.0_79\jre\bin\server\jvm.dll
0x000007fef9070000 - 0x000007fef9079000 	E:\Windows\system32\WSOCK32.dll
0x000007fefe3a0000 - 0x000007fefe3ed000 	E:\Windows\system32\WS2_32.dll
0x000007fefdb10000 - 0x000007fefdb18000 	E:\Windows\system32\NSI.dll
0x000007fefad90000 - 0x000007fefadcb000 	E:\Windows\system32\WINMM.dll
0x0000000077150000 - 0x0000000077157000 	E:\Windows\system32\PSAPI.DLL
0x000000006c3c0000 - 0x000000006c3cf000 	E:\Program Files\Java\jdk1.7.0_79\jre\bin\verify.dll
0x000000006b420000 - 0x000000006b448000 	E:\Program Files\Java\jdk1.7.0_79\jre\bin\java.dll
0x000000006b400000 - 0x000000006b415000 	E:\Program Files\Java\jdk1.7.0_79\jre\bin\zip.dll
0x000000006b220000 - 0x000000006b3b5000 	E:\Program Files\Java\jdk1.7.0_79\jre\bin\awt.dll
0x000007fefdc50000 - 0x000007fefdd27000 	E:\Windows\system32\OLEAUT32.dll
0x000007fefd790000 - 0x000007fefd991000 	E:\Windows\system32\ole32.dll
0x000007fefb920000 - 0x000007fefb976000 	E:\Windows\system32\uxtheme.dll
0x000007fefc0c0000 - 0x000007fefc0d8000 	E:\Windows\system32\dwmapi.dll
0x000007fefcde0000 - 0x000007fefcdef000 	E:\Windows\system32\CRYPTBASE.dll
0x000007fee4d70000 - 0x000007fee4f6f000 	E:\Windows\system32\d3d9.dll
0x000007fefbff0000 - 0x000007fefbffc000 	E:\Windows\system32\VERSION.dll
0x000007fee4d60000 - 0x000007fee4d67000 	E:\Windows\system32\d3d8thk.dll
0x000007fef67a0000 - 0x000007fef6902000 	E:\Windows\system32\aticfx64.dll
0x000007fee4d00000 - 0x000007fee4d21000 	E:\Windows\system32\atiu9p64.dll
0x000007fee44a0000 - 0x000007fee4cfa000 	E:\Windows\system32\atiumd64.dll
0x000000006c3d0000 - 0x000000006cc56000 	E:\Windows\system32\atiumd6a.dll
0x000007fefc0e0000 - 0x000007fefc10c000 	E:\Windows\system32\POWRPROF.dll
0x000007fefe190000 - 0x000007fefe367000 	E:\Windows\system32\SETUPAPI.dll
0x000007fefcfa0000 - 0x000007fefcfd6000 	E:\Windows\system32\CFGMGR32.dll
0x000007fefd190000 - 0x000007fefd1aa000 	E:\Windows\system32\DEVOBJ.dll
0x000007fefe3f0000 - 0x000007feff176000 	E:\Windows\system32\SHELL32.dll
0x000000006b1d0000 - 0x000000006b217000 	E:\Program Files\Java\jdk1.7.0_79\jre\bin\fontmanager.dll
0x000007fefda70000 - 0x000007fefdb09000 	E:\Windows\system32\CLBCatQ.DLL
0x000007fefb200000 - 0x000007fefb32a000 	E:\Windows\system32\WindowsCodecs.dll
0x000007fefcd80000 - 0x000007fefcdd7000 	E:\Windows\system32\apphelp.dll
0x000007fef69e0000 - 0x000007fef6a15000 	E:\Windows\system32\EhStorShell.dll
0x000007fefb980000 - 0x000007fefbaac000 	E:\Windows\system32\PROPSYS.dll
0x000007fef6960000 - 0x000007fef69de000 	E:\Windows\System32\cscui.dll
0x000007fef6d90000 - 0x000007fef6d9c000 	E:\Windows\System32\CSCDLL.dll
0x000007fef8de0000 - 0x000007fef8def000 	E:\Windows\system32\CSCAPI.dll
0x000007fef5bc0000 - 0x000007fef5c40000 	E:\Windows\system32\ntshrui.dll
0x000007fefc990000 - 0x000007fefc9b3000 	E:\Windows\system32\srvcli.dll
0x000007fefa680000 - 0x000007fefa68b000 	E:\Windows\system32\slc.dll
0x000000006b3e0000 - 0x000000006b3fa000 	E:\Program Files\Java\jdk1.7.0_79\jre\bin\net.dll
0x000007fefc720000 - 0x000007fefc774000 	E:\Windows\system32\mswsock.dll
0x000007fefc710000 - 0x000007fefc717000 	E:\Windows\System32\wship6.dll
0x000000006b3c0000 - 0x000000006b3d1000 	E:\Program Files\Java\jdk1.7.0_79\jre\bin\nio.dll
0x000000006b180000 - 0x000000006b1c1000 	E:\Program Files\Java\jdk1.7.0_79\jre\bin\t2k.dll
0x0000000074360000 - 0x000000007436c000 	E:\Program Files\Java\jdk1.7.0_79\jre\bin\jsound.dll
0x0000000074350000 - 0x000000007435b000 	E:\Program Files\Java\jdk1.7.0_79\jre\bin\jsoundds.dll
0x000007fef3070000 - 0x000007fef30f8000 	E:\Windows\system32\DSOUND.dll
0x000007fefb510000 - 0x000007fefb55b000 	E:\Windows\system32\MMDevAPI.DLL
0x000007fefa9b0000 - 0x000007fefa9eb000 	E:\Windows\system32\wdmaud.drv
0x0000000074bc0000 - 0x0000000074bc6000 	E:\Windows\system32\ksuser.dll
0x000007fefb140000 - 0x000007fefb149000 	E:\Windows\system32\AVRT.dll
0x000007fefa750000 - 0x000007fefa79f000 	E:\Windows\system32\AUDIOSES.DLL
0x000007fefa740000 - 0x000007fefa74a000 	E:\Windows\system32\msacm32.drv
0x000007fefa720000 - 0x000007fefa738000 	E:\Windows\system32\MSACM32.dll
0x000007fefa710000 - 0x000007fefa719000 	E:\Windows\system32\midimap.dll
0x000007fefc780000 - 0x000007fefc797000 	E:\Windows\system32\CRYPTSP.dll
0x000007fefc480000 - 0x000007fefc4c7000 	E:\Windows\system32\rsaenh.dll
0x000007fefc230000 - 0x000007fefc24e000 	E:\Windows\system32\USERENV.dll
0x000007fefcef0000 - 0x000007fefceff000 	E:\Windows\system32\profapi.dll
0x000007fefa2a0000 - 0x000007fefa2c7000 	E:\Windows\system32\IPHLPAPI.DLL
0x000007fefa290000 - 0x000007fefa29b000 	E:\Windows\system32\WINNSI.DLL
0x000007fefa0a0000 - 0x000007fefa0b8000 	E:\Windows\system32\dhcpcsvc.DLL
0x000007fefa080000 - 0x000007fefa091000 	E:\Windows\system32\dhcpcsvc6.DLL
0x000007fef7b40000 - 0x000007fef7b69000 	E:\Users\SRIKANTA  JENA\AppData\Local\Temp\BridJExtractedLibraries7242835041917272989\bridj.dll
0x000007fef7ac0000 - 0x000007fef7af6000 	E:\Users\SRIKAN~1\AppData\Local\Temp\BridJExtractedLibraries7242835041917272989\OpenIMAJGrabber.dll
0x000007feec8d0000 - 0x000007feec8e6000 	E:\Windows\system32\devenum.dll
0x000007fefadd0000 - 0x000007fefadfd000 	E:\Windows\system32\ntmarta.dll
0x000007fefd740000 - 0x000007fefd790000 	E:\Windows\system32\WLDAP32.dll
0x000007fefcfe0000 - 0x000007fefd019000 	E:\Windows\system32\WINTRUST.dll
0x000007fefd020000 - 0x000007fefd186000 	E:\Windows\system32\CRYPT32.dll
0x000007fefcf90000 - 0x000007fefcf9f000 	E:\Windows\system32\MSASN1.dll
0x000007feed720000 - 0x000007feed72d000 	E:\Windows\system32\msdmo.dll
0x000007fef7750000 - 0x000007fef777f000 	E:\Windows\system32\qcap.dll
0x000007fee23f0000 - 0x000007fee25a2000 	E:\Windows\system32\quartz.dll
0x000007fee9d70000 - 0x000007fee9db1000 	E:\Windows\system32\ksproxy.ax
0x000007fefb100000 - 0x000007fefb10b000 	E:\Windows\system32\vidcap.ax
0x000007fef7780000 - 0x000007fef77a4000 	E:\Windows\system32\kswdmcap.ax
0x000007fee1020000 - 0x000007fee117c000 	E:\Windows\system32\MFC42.dll
0x000007fee34b0000 - 0x000007fee355f000 	E:\Windows\system32\ODBC32.dll
0x0000000069f70000 - 0x0000000069fa8000 	E:\Windows\system32\odbcint.dll
0x000007fee0f80000 - 0x000007fee101b000 	E:\Windows\System32\qedit.dll
0x000007feeb490000 - 0x000007feeb4b9000 	E:\Windows\System32\MSVFW32.dll
0x000007feff180000 - 0x000007feff218000 	E:\Windows\system32\COMDLG32.dll
0x000007fefb700000 - 0x000007fefb915000 	E:\Windows\WinSxS\amd64_microsoft.windows.gdiplus_6595b64144ccf1df_1.1.7600.16385_none_2b4f45e87195fcc4\gdiplus.dll
0x000007fee3560000 - 0x000007fee3651000 	E:\Windows\system32\DDRAW.dll
0x000007fefb130000 - 0x000007fefb138000 	E:\Windows\system32\DCIMAN32.dll
0x000007fef8f40000 - 0x000007fef9065000 	E:\Windows\system32\dbghelp.dll

VM Arguments:
jvm_args: -Dfile.encoding=UTF-8 
java_command: vote.vstarted
Launcher Type: SUN_STANDARD

Environment Variables:
PATH=E:\oraclexe\app\oracle\product\11.2.0\server\bin;;E:\Program Files (x86)\Common Files\Intel\Shared Libraries\redist\intel64\compiler;E:\Windows\system32;E:\Windows;E:\Windows\System32\Wbem;E:\Windows\System32\WindowsPowerShell\v1.0\;E:\Program Files (x86)\AMD\ATI.ACE\Core-Static;E:\Program Files (x86)\Brackets\command;E:\Program Files\Microsoft SQL Server\110\Tools\Binn\;E:\Program Files\Java\jdk1.7.0_79\bin;E:\Program Files (x86)\Jar2Exe Wizard\
USERNAME=SRIKANTA  JENA
OS=Windows_NT
PROCESSOR_IDENTIFIER=AMD64 Family 20 Model 2 Stepping 0, AuthenticAMD



---------------  S Y S T E M  ---------------

OS: Windows 7 , 64 bit Build 7600 

CPU:total 2 (2 cores per cpu, 1 threads per core) family 20 model 2 stepping 0, cmov, cx8, fxsr, mmx, sse, sse2, sse3, ssse3, popcnt, mmxext, lzcnt, sse4a, tsc, tscinvbit, tscinv

Memory: 4k page, physical 1699552k(199488k free), swap 3399104k(896492k free)

vm_info: Java HotSpot(TM) 64-Bit Server VM (24.79-b02) for windows-amd64 JRE (1.7.0_79-b15), built on Apr 10 2015 12:36:16 by "java_re" with unknown MS VC++:1600

time: Tue Mar 24 11:46:13 2020
elapsed time: 233 seconds

